<?xml version="1.0" encoding="UTF-8"?>
<!-- Generated by org.testng.reporters.JUnitXMLReporter -->
<testsuite ignored="0" hostname="JDW10STD01262" failures="0" tests="1" name="Test-mobile-native" time="40.229" errors="0" timestamp="21 May 2021 12:23:26 GMT">
  <testcase classname="com.mobile.automation.scripts.JDendtoendflowwithAppium" name="JDEndtoendFlowPath" time="30.561"/>
</testsuite> <!-- Test-mobile-native -->
