<?xml version="1.0" encoding="UTF-8"?>
<!-- Generated by org.testng.reporters.JUnitReportReporter -->
<testsuite hostname="ctlinlp-0977.cignitiglobal.com" name="com.mobile.automation.scripts.PRstore.PR_KIOSK_VerifyViewandVerifyfunctionalityforPRstorein_Dashboard_4713" tests="1" failures="0" timestamp="24 Sep 2018 13:12:44 GMT" time="2585.599" errors="0">
  <testcase name="PR_KIOSK_Verify_ViewandVerifyfunctionalityforPRstorein_Dashboard_4713" time="2585.599" classname="com.mobile.automation.scripts.PRstore.PR_KIOSK_VerifyViewandVerifyfunctionalityforPRstorein_Dashboard_4713"/>
</testsuite> <!-- com.mobile.automation.scripts.PRstore.PR_KIOSK_VerifyViewandVerifyfunctionalityforPRstorein_Dashboard_4713 -->
