<?xml version="1.0" encoding="UTF-8"?>
<!-- Generated by org.testng.reporters.JUnitReportReporter -->
<testsuite hostname="JDW10STD01262" failures="0" tests="1" name="com.mobile.automation.scripts.original.Untitled" time="23.562" errors="0" timestamp="3 May 2019 13:29:21 GMT">
  <testcase classname="com.mobile.automation.scripts.original.Untitled" name="testUntitled" time="23.562"/>
</testsuite> <!-- com.mobile.automation.scripts.original.Untitled -->
