<?xml version="1.0" encoding="UTF-8"?>
<!-- Generated by org.testng.reporters.JUnitReportReporter -->
<testsuite hostname="ctlinlp-0977.cignitiglobal.com" name="com.mobile.automation.scripts.MultiengageNewaddressonAgreement_272" tests="1" failures="0" timestamp="3 Jan 2019 15:29:31 GMT" time="54.287" errors="0">
  <testcase name="Multiengage_NewaddressonAgreement_272" time="54.287" classname="com.mobile.automation.scripts.MultiengageNewaddressonAgreement_272"/>
</testsuite> <!-- com.mobile.automation.scripts.MultiengageNewaddressonAgreement_272 -->
