<?xml version="1.0" encoding="UTF-8"?>
<!-- Generated by org.testng.reporters.JUnitReportReporter -->
<testsuite hostname="HW1686" name="com.mobile.automation.scripts.VerifyCashpaymentoptioninanunmannedlocation" tests="1" failures="0" timestamp="25 Sep 2017 07:02:08 GMT" time="1124.119" errors="0">
  <testcase name="Verify_Cashpaymentoptioninan_unmannedlocation" time="1124.119" classname="com.mobile.automation.scripts.VerifyCashpaymentoptioninanunmannedlocation"/>
</testsuite> <!-- com.mobile.automation.scripts.VerifyCashpaymentoptioninanunmannedlocation -->
