<?xml version="1.0" encoding="UTF-8"?>
<!-- Generated by org.testng.reporters.JUnitReportReporter -->
<testsuite hostname="JDW10STD01262" failures="0" tests="1" name="com.mobile.automation.scripts.JDendtoendflowBrowser" time="2.269" errors="0" timestamp="28 Mar 2019 07:09:03 GMT">
  <testcase classname="com.mobile.automation.scripts.JDendtoendflowBrowser" name="JDEndtoendFlowPath" time="2.269"/>
</testsuite> <!-- com.mobile.automation.scripts.JDendtoendflowBrowser -->
