<?xml version="1.0" encoding="UTF-8"?>
<!-- Generated by org.testng.reporters.JUnitReportReporter -->
<testsuite hostname="ctlinlp-0977.cignitiglobal.com" name="com.mobile.automation.scripts.RI_Create_Agreement_Kiosk" tests="1" failures="0" timestamp="3 Jan 2019 15:29:31 GMT" time="54.408" errors="0">
  <testcase name="RI_CreateAgreement_Kiosk" time="54.408" classname="com.mobile.automation.scripts.RI_Create_Agreement_Kiosk"/>
</testsuite> <!-- com.mobile.automation.scripts.RI_Create_Agreement_Kiosk -->
