<?xml version="1.0" encoding="UTF-8"?>
<!-- Generated by org.testng.reporters.JUnitReportReporter -->
<testsuite hostname="ctlinlp-0977.cignitiglobal.com" name="com.mobile.automation.scripts.Newlaunchon_ME_state" tests="1" failures="0" timestamp="3 Jan 2019 15:29:31 GMT" time="201.553" errors="0">
  <testcase name="Newlaunchon_ME_state" time="201.553" classname="com.mobile.automation.scripts.Newlaunchon_ME_state"/>
</testsuite> <!-- com.mobile.automation.scripts.Newlaunchon_ME_state -->
