<?xml version="1.0" encoding="UTF-8"?>
<!-- Generated by org.testng.reporters.JUnitReportReporter -->
<testsuite hostname="ctlinlp-0977.cignitiglobal.com" name="com.mobile.automation.scripts.OH_No_EPO_in_QuoteandAllowEPOin_agreements_Kiosk" tests="1" failures="0" timestamp="3 Jan 2019 15:29:31 GMT" time="95.760" errors="0">
  <testcase name="OH_No_EPO_in_QuoteandAllowEPO_in_agreements_Kiosk" time="95.760" classname="com.mobile.automation.scripts.OH_No_EPO_in_QuoteandAllowEPOin_agreements_Kiosk"/>
</testsuite> <!-- com.mobile.automation.scripts.OH_No_EPO_in_QuoteandAllowEPOin_agreements_Kiosk -->
