<?xml version="1.0" encoding="UTF-8"?>
<!-- Generated by org.testng.reporters.JUnitReportReporter -->
<testsuite hostname="ctlinlp-0977.cignitiglobal.com" name="com.mobile.automation.scripts.FL_Initialson_Rental_Agreement" tests="1" failures="0" timestamp="3 Jan 2019 15:29:31 GMT" time="55.149" errors="0">
  <testcase name="FL_Initials_on_Rental_Agreement" time="55.149" classname="com.mobile.automation.scripts.FL_Initialson_Rental_Agreement"/>
</testsuite> <!-- com.mobile.automation.scripts.FL_Initialson_Rental_Agreement -->
