<?xml version="1.0" encoding="UTF-8"?>
<!-- Generated by org.testng.reporters.JUnitReportReporter -->
<testsuite hostname="HW1686" name="com.mobile.automation.scripts.Take_a_Card_Payment_SkipAutPay_Schedule_Delivery_TestID_177" tests="1" failures="0" timestamp="1 Jun 2017 12:30:51 GMT" time="1237.547" errors="0">
  <testcase name="Take_a_Card_Payment_SkipAutPay_Schedule_Delivery" time="1237.547" classname="com.mobile.automation.scripts.Take_a_Card_Payment_SkipAutPay_Schedule_Delivery_TestID_177"/>
</testsuite> <!-- com.mobile.automation.scripts.Take_a_Card_Payment_SkipAutPay_Schedule_Delivery_TestID_177 -->
