<?xml version="1.0" encoding="UTF-8"?>
<!-- Generated by org.testng.reporters.JUnitReportReporter -->
<testsuite hostname="ctlinlp-0977.cignitiglobal.com" name="com.mobile.automation.scripts.CreateanactiveorderthroughVANKiosk_BasicFlow_UnManned" tests="1" failures="0" timestamp="17 Jul 2018 15:11:44 GMT" time="2759.197" errors="0">
  <testcase name="Create_an_active_orderthroughVANKiosk_BasicFlow_UnManned" time="2759.197" classname="com.mobile.automation.scripts.CreateanactiveorderthroughVANKiosk_BasicFlow_UnManned"/>
</testsuite> <!-- com.mobile.automation.scripts.CreateanactiveorderthroughVANKiosk_BasicFlow_UnManned -->
