<?xml version="1.0" encoding="UTF-8"?>
<!-- Generated by org.testng.reporters.JUnitReportReporter -->
<testsuite hostname="ctlinlp-0977.cignitiglobal.com" name="com.mobile.automation.scripts.CreateanactiveorderthroughVANKiosk_BasicFlow_Manned_TestID_447" tests="1" failures="0" timestamp="12 Dec 2018 06:27:24 GMT" time="1516.767" errors="0">
  <testcase name="Create_anactiveorderthroughVANKiosk_BasicFlow_Manned_TestID_447" time="1516.767" classname="com.mobile.automation.scripts.CreateanactiveorderthroughVANKiosk_BasicFlow_Manned_TestID_447"/>
</testsuite> <!-- com.mobile.automation.scripts.CreateanactiveorderthroughVANKiosk_BasicFlow_Manned_TestID_447 -->
