<?xml version="1.0" encoding="UTF-8"?>
<!-- Generated by org.testng.reporters.JUnitReportReporter -->
<testsuite hostname="ctlinlp-0977.cignitiglobal.com" name="com.mobile.automation.scripts.WV_NoEPOinQuoteoremailedtocustomer_Kiosk" tests="1" failures="0" timestamp="3 Jan 2019 15:29:31 GMT" time="63.557" errors="0">
  <testcase name="WV_NoEPO_inQuoteoremailedtocustomer_Kiosk" time="63.557" classname="com.mobile.automation.scripts.WV_NoEPOinQuoteoremailedtocustomer_Kiosk"/>
</testsuite> <!-- com.mobile.automation.scripts.WV_NoEPOinQuoteoremailedtocustomer_Kiosk -->
