<?xml version="1.0" encoding="UTF-8"?>
<!-- Generated by org.testng.reporters.JUnitReportReporter -->
<testsuite hostname="JDW10STD01262" failures="0" tests="1" name="com.mobile.automation.scripts.JDendtoendflowBrowserAppium" time="24.903" errors="0" timestamp="28 Mar 2019 08:13:44 GMT">
  <testcase classname="com.mobile.automation.scripts.JDendtoendflowBrowserAppium" name="JDEndtoendFlowPath" time="24.903"/>
</testsuite> <!-- com.mobile.automation.scripts.JDendtoendflowBrowserAppium -->
