<?xml version="1.0" encoding="UTF-8"?>
<!-- Generated by org.testng.reporters.JUnitReportReporter -->
<testsuite hostname="HW1686" name="com.mobile.automation.scripts.Endtoend_PR_store" tests="1" failures="1" timestamp="15 Mar 2018 14:09:38 GMT" time="1.458" errors="0">
  <testcase name="End_End_PR_store" time="1.458" classname="com.mobile.automation.scripts.Endtoend_PR_store">
    <failure type="java.lang.AssertionError" message="***** Failed to start Appium Driver. Skipping further steps. ******">
      <![CDATA[java.lang.AssertionError: ***** Failed to start Appium Driver. Skipping further steps. ******
	at org.testng.Assert.fail(Assert.java:94)
	at com.mobile.automation.accelerators.MobileActionLibrary.StartAppiumDriver(MobileActionLibrary.java:221)
	at com.mobile.automation.scripts.Endtoend_PR_store.End_End_PR_store(Endtoend_PR_store.java:80)
	at sun.reflect.NativeMethodAccessorImpl.invoke0(Native Method)
	at sun.reflect.NativeMethodAccessorImpl.invoke(Unknown Source)
	at sun.reflect.DelegatingMethodAccessorImpl.invoke(Unknown Source)
	at java.lang.reflect.Method.invoke(Unknown Source)
	at org.testng.internal.MethodInvocationHelper.invokeMethod(MethodInvocationHelper.java:86)
	at org.testng.internal.Invoker.invokeMethod(Invoker.java:643)
	at org.testng.internal.Invoker.invokeTestMethod(Invoker.java:820)
	at org.testng.internal.Invoker.invokeTestMethods(Invoker.java:1128)
	at org.testng.internal.TestMethodWorker.invokeTestMethods(TestMethodWorker.java:129)
	at org.testng.internal.TestMethodWorker.run(TestMethodWorker.java:112)
	at org.testng.TestRunner.privateRun(TestRunner.java:782)
	at org.testng.TestRunner.run(TestRunner.java:632)
	at org.testng.SuiteRunner.runTest(SuiteRunner.java:366)
	at org.testng.SuiteRunner.access$000(SuiteRunner.java:39)
	at org.testng.SuiteRunner$SuiteWorker.run(SuiteRunner.java:400)
	at org.testng.internal.thread.ThreadUtil$2.call(ThreadUtil.java:64)
	at java.util.concurrent.FutureTask.run(Unknown Source)
	at java.util.concurrent.ThreadPoolExecutor.runWorker(Unknown Source)
	at java.util.concurrent.ThreadPoolExecutor$Worker.run(Unknown Source)
	at java.lang.Thread.run(Unknown Source)
]]>
    </failure>
  </testcase> <!-- End_End_PR_store -->
</testsuite> <!-- com.mobile.automation.scripts.Endtoend_PR_store -->
