<?xml version="1.0" encoding="UTF-8"?>
<!-- Generated by org.testng.reporters.JUnitReportReporter -->
<testsuite hostname="ctlinlp-0977.cignitiglobal.com" name="com.mobile.automation.scripts.original.foxappium" tests="1" failures="0" timestamp="14 Nov 2018 07:55:54 GMT" time="394.346" errors="0">
  <testcase name="testUntitled" time="394.346" classname="com.mobile.automation.scripts.original.foxappium"/>
</testsuite> <!-- com.mobile.automation.scripts.original.foxappium -->
