<?xml version="1.0" encoding="UTF-8"?>
<!-- Generated by org.testng.reporters.JUnitReportReporter -->
<testsuite hostname="ctlinlp-0977.cignitiglobal.com" name="com.mobile.automation.scripts.Verify_Confirmorderflowinanunmannedlocation_274" tests="1" failures="0" timestamp="3 Jan 2019 15:29:31 GMT" time="143.694" errors="0">
  <testcase name="Verify_Confirm_orderflowinanunmannedlocation_274" time="143.694" classname="com.mobile.automation.scripts.Verify_Confirmorderflowinanunmannedlocation_274"/>
</testsuite> <!-- com.mobile.automation.scripts.Verify_Confirmorderflowinanunmannedlocation_274 -->
