<?xml version="1.0" encoding="UTF-8"?>
<!-- Generated by org.testng.reporters.JUnitReportReporter -->
<testsuite hostname="ctlinlp-0977.cignitiglobal.com" name="com.mobile.automation.scripts.Createanorder_Bedroom_TestID_173" tests="1" failures="0" timestamp="12 Dec 2018 06:27:24 GMT" time="497.931" errors="0">
  <testcase name="Createanorder_Bedroom" time="497.931" classname="com.mobile.automation.scripts.Createanorder_Bedroom_TestID_173"/>
</testsuite> <!-- com.mobile.automation.scripts.Createanorder_Bedroom_TestID_173 -->
