<?xml version="1.0" encoding="UTF-8"?>
<!-- Generated by org.testng.reporters.JUnitReportReporter -->
<testsuite hostname="ctlinlp-0977.cignitiglobal.com" name="com.mobile.automation.scripts.Agreement_without_Delivery_FeeorESV" tests="1" failures="0" timestamp="12 Dec 2018 06:27:24 GMT" time="7156.341" errors="0">
  <testcase name="Verify_Agreement_without_Delivery_FeeorESV" time="7156.341" classname="com.mobile.automation.scripts.Agreement_without_Delivery_FeeorESV"/>
</testsuite> <!-- com.mobile.automation.scripts.Agreement_without_Delivery_FeeorESV -->
