<?xml version="1.0" encoding="UTF-8"?>
<!-- Generated by org.testng.reporters.JUnitReportReporter -->
<testsuite hostname="ctlinlp-0977.cignitiglobal.com" name="com.mobile.automation.scripts.AutoPayis_mandatoryfor_unmannedlocations_Kiosk" tests="1" failures="0" timestamp="3 Jan 2019 15:29:29 GMT" time="60.263" errors="0">
  <testcase name="AutoPayis_mandatory_for_unmanned_locations_Kiosk" time="60.263" classname="com.mobile.automation.scripts.AutoPayis_mandatoryfor_unmannedlocations_Kiosk"/>
</testsuite> <!-- com.mobile.automation.scripts.AutoPayis_mandatoryfor_unmannedlocations_Kiosk -->
