<?xml version="1.0" encoding="UTF-8"?>
<!-- Generated by org.testng.reporters.JUnitReportReporter -->
<testsuite hostname="ctlinlp-0977.cignitiglobal.com" name="com.mobile.automation.scripts.CreateanAgreement_Decline_BenefitsPlus_TestID_456" tests="1" failures="0" timestamp="12 Dec 2018 06:27:24 GMT" time="5281.132" errors="0">
  <testcase name="DeclineBenefitsPlus_Kiosk" time="5281.132" classname="com.mobile.automation.scripts.CreateanAgreement_Decline_BenefitsPlus_TestID_456"/>
</testsuite> <!-- com.mobile.automation.scripts.CreateanAgreement_Decline_BenefitsPlus_TestID_456 -->
