<?xml version="1.0" encoding="UTF-8"?>
<!-- Generated by org.testng.reporters.JUnitReportReporter -->
<testsuite hostname="HW1686" name="com.mobile.automation.scripts.Verify_Monthly_Take_Home_Income_cannot_be_0_Kiosk_TestId_1408" tests="1" failures="0" timestamp="29 May 2017 10:12:18 GMT" time="355.874" errors="0">
  <testcase name="Verify_Monthly_Take_Home_Income_cannot_be_0_Kiosk" time="355.874" classname="com.mobile.automation.scripts.Verify_Monthly_Take_Home_Income_cannot_be_0_Kiosk_TestId_1408"/>
</testsuite> <!-- com.mobile.automation.scripts.Verify_Monthly_Take_Home_Income_cannot_be_0_Kiosk_TestId_1408 -->
