<?xml version="1.0" encoding="UTF-8"?>
<!-- Generated by org.testng.reporters.JUnitReportReporter -->
<testsuite hostname="ctlinlp-0977.cignitiglobal.com" name="com.mobile.automation.scripts.UnmannedStore_InitialpaymentandAutoPaythroughPrepaidCreditCard_1346" tests="1" failures="0" timestamp="10 Oct 2018 10:04:12 GMT" time="1976.607" errors="0">
  <testcase name="Unmanned_Store_InitialpaymentandAutoPaythroughPrepaidCreditCard_1346" time="1976.607" classname="com.mobile.automation.scripts.UnmannedStore_InitialpaymentandAutoPaythroughPrepaidCreditCard_1346"/>
</testsuite> <!-- com.mobile.automation.scripts.UnmannedStore_InitialpaymentandAutoPaythroughPrepaidCreditCard_1346 -->
