<?xml version="1.0" encoding="UTF-8"?>
<!-- Generated by org.testng.reporters.JUnitReportReporter -->
<testsuite hostname="JDW10STD01262" failures="0" tests="2" name="com.mobile.automation.scripts.original.TestRailTests" time="1.848" errors="0" timestamp="15 May 2019 13:02:38 GMT">
  <testcase classname="com.mobile.automation.scripts.original.TestRailTests" name="testAPI" time="1.837"/>
  <testcase classname="com.mobile.automation.scripts.original.TestRailTests" name="passTest" time="0.011"/>
</testsuite> <!-- com.mobile.automation.scripts.original.TestRailTests -->
