<?xml version="1.0" encoding="UTF-8"?>
<!-- Generated by org.testng.reporters.JUnitReportReporter -->
<testsuite hostname="ctlinlp-0977.cignitiglobal.com" name="com.mobile.automation.scripts.AddressMismatch_UnmannedStore_TestID_688" tests="1" failures="0" timestamp="18 Jul 2018 09:29:25 GMT" time="666.412" errors="0">
  <testcase name="Address_Mismatch_UnmannedStore_TestID_688" time="666.412" classname="com.mobile.automation.scripts.AddressMismatch_UnmannedStore_TestID_688"/>
</testsuite> <!-- com.mobile.automation.scripts.AddressMismatch_UnmannedStore_TestID_688 -->
