<?xml version="1.0" encoding="UTF-8"?>
<!-- Generated by org.testng.reporters.JUnitReportReporter -->
<testsuite hostname="ctlinlp-0977.cignitiglobal.com" name="com.mobile.automation.scripts.PRstore.PR_KIOSK_VerifyAcceptLDWandBP_Createnewagreement_verifywhetherBPisnotaskedagain_4683" tests="1" failures="0" timestamp="21 Sep 2018 09:35:14 GMT" time="2657.158" errors="0">
  <testcase name="PR_KIOSK_Verify_AcceptLDWandBP_Createnewagreement_verifywhetherBPisnotaskedagain_4683" time="2657.158" classname="com.mobile.automation.scripts.PRstore.PR_KIOSK_VerifyAcceptLDWandBP_Createnewagreement_verifywhetherBPisnotaskedagain_4683"/>
</testsuite> <!-- com.mobile.automation.scripts.PRstore.PR_KIOSK_VerifyAcceptLDWandBP_Createnewagreement_verifywhetherBPisnotaskedagain_4683 -->
