<?xml version="1.0" encoding="UTF-8"?>
<!-- Generated by org.testng.reporters.JUnitReportReporter -->
<testsuite hostname="ctlinlp-0977.cignitiglobal.com" name="com.mobile.automation.scripts.DE_NoEPOinQuoteandinAgreementsinKiosk" tests="1" failures="0" timestamp="3 Jan 2019 15:29:31 GMT" time="55.249" errors="0">
  <testcase name="DE_No_EPOinQuoteandinAgreementsinKiosk" time="55.249" classname="com.mobile.automation.scripts.DE_NoEPOinQuoteandinAgreementsinKiosk"/>
</testsuite> <!-- com.mobile.automation.scripts.DE_NoEPOinQuoteandinAgreementsinKiosk -->
