<?xml version="1.0" encoding="UTF-8"?>
<!-- Generated by org.testng.reporters.JUnitReportReporter -->
<testsuite hostname="ctlinlp-0977.cignitiglobal.com" name="com.mobile.automation.scripts.Decline_LDW_Kiosk_TestID_911" tests="1" failures="0" timestamp="12 Dec 2018 06:27:23 GMT" time="5833.219" errors="0">
  <testcase name="Verify_Decline_LDW_Kiosk_TestID_911" time="5833.219" classname="com.mobile.automation.scripts.Decline_LDW_Kiosk_TestID_911"/>
</testsuite> <!-- com.mobile.automation.scripts.Decline_LDW_Kiosk_TestID_911 -->
