<?xml version="1.0" encoding="UTF-8"?>
<!-- Generated by org.testng.reporters.JUnitReportReporter -->
<testsuite hostname="ctlinlp-0977.cignitiglobal.com" name="com.mobile.automation.scripts.Verify_customer_approvalexpiration_317" tests="1" failures="0" timestamp="3 Jan 2019 15:29:31 GMT" time="114.395" errors="0">
  <testcase name="Verify_customer_approval_expiration_317" time="114.395" classname="com.mobile.automation.scripts.Verify_customer_approvalexpiration_317"/>
</testsuite> <!-- com.mobile.automation.scripts.Verify_customer_approvalexpiration_317 -->
