<?xml version="1.0" encoding="UTF-8"?>
<!-- Generated by org.testng.reporters.JUnitReportReporter -->
<testsuite hostname="ctlinlp-0977.cignitiglobal.com" name="com.mobile.automation.scripts.SelectPaymentDateBeforeQuote_TestID_917" tests="1" failures="0" timestamp="12 Dec 2018 06:27:24 GMT" time="3859.214" errors="0">
  <testcase name="SelectPaymentDateBeforeQuote" time="3859.214" classname="com.mobile.automation.scripts.SelectPaymentDateBeforeQuote_TestID_917"/>
</testsuite> <!-- com.mobile.automation.scripts.SelectPaymentDateBeforeQuote_TestID_917 -->
