<?xml version="1.0" encoding="UTF-8"?>
<!-- Generated by org.testng.reporters.JUnitReportReporter -->
<testsuite hostname="ctlinlp-0977.cignitiglobal.com" name="com.mobile.automation.scripts.OH_Allow_ExtendedService_Warranty_Kiosk" tests="1" failures="0" timestamp="13 Aug 2018 08:09:44 GMT" time="3038.156" errors="0">
  <testcase name="OH_Allow_Extended_Service_Warranty_Kiosk" time="3038.156" classname="com.mobile.automation.scripts.OH_Allow_ExtendedService_Warranty_Kiosk"/>
</testsuite> <!-- com.mobile.automation.scripts.OH_Allow_ExtendedService_Warranty_Kiosk -->
