<?xml version="1.0" encoding="UTF-8"?>
<!-- Generated by org.testng.reporters.JUnitReportReporter -->
<testsuite hostname="ctlinlp-0977.cignitiglobal.com" name="com.mobile.automation.scripts.DiscontinueDuringanAgreement_Kiosk_TestID_1101" tests="1" failures="0" timestamp="12 Dec 2018 06:27:23 GMT" time="860.158" errors="0">
  <testcase name="Discontinue_DuringanAgreement_Kiosk_TestID_1101" time="860.158" classname="com.mobile.automation.scripts.DiscontinueDuringanAgreement_Kiosk_TestID_1101"/>
</testsuite> <!-- com.mobile.automation.scripts.DiscontinueDuringanAgreement_Kiosk_TestID_1101 -->
