<?xml version="1.0" encoding="UTF-8"?>
<!-- Generated by org.testng.reporters.JUnitReportReporter -->
<testsuite hostname="ctlinlp-0977.cignitiglobal.com" name="com.mobile.automation.scripts.PRstore.PR_KIOSK_Verifyre_engageusingCreateOrder_4710" tests="1" failures="0" timestamp="1 Oct 2018 06:32:11 GMT" time="2781.113" errors="0">
  <testcase name="PR_KIOSK_Verify_re_engageusingCreateOrder_4710" time="2781.113" classname="com.mobile.automation.scripts.PRstore.PR_KIOSK_Verifyre_engageusingCreateOrder_4710"/>
</testsuite> <!-- com.mobile.automation.scripts.PRstore.PR_KIOSK_Verifyre_engageusingCreateOrder_4710 -->
