<?xml version="1.0" encoding="UTF-8"?>
<!-- Generated by org.testng.reporters.JUnitReportReporter -->
<testsuite hostname="ctlinlp-0977.cignitiglobal.com" name="com.mobile.automation.scripts.NC_NoEPOinQuote_Kiosk" tests="1" failures="0" timestamp="3 Jan 2019 15:29:31 GMT" time="55.309" errors="0">
  <testcase name="NC_No_EPOinQuote_Kiosk" time="55.309" classname="com.mobile.automation.scripts.NC_NoEPOinQuote_Kiosk"/>
</testsuite> <!-- com.mobile.automation.scripts.NC_NoEPOinQuote_Kiosk -->
