<?xml version="1.0" encoding="UTF-8"?>
<!-- Generated by org.testng.reporters.JUnitReportReporter -->
<testsuite hostname="ctlinlp-0977.cignitiglobal.com" name="com.mobile.automation.scripts.NE_Hide_Delivery_Fee_Kiosk" tests="1" failures="0" timestamp="3 Jan 2019 15:29:31 GMT" time="59.323" errors="0">
  <testcase name="NE_HideDelivery_Fee_Kiosk" time="59.323" classname="com.mobile.automation.scripts.NE_Hide_Delivery_Fee_Kiosk"/>
</testsuite> <!-- com.mobile.automation.scripts.NE_Hide_Delivery_Fee_Kiosk -->
