<?xml version="1.0" encoding="UTF-8"?>
<!-- Generated by org.testng.reporters.JUnitReportReporter -->
<testsuite hostname="ctlinlp-0977.cignitiglobal.com" name="com.mobile.automation.scripts.CA_special_rules_Kiosk" tests="1" failures="0" timestamp="3 Jan 2019 15:29:31 GMT" time="53.097" errors="0">
  <testcase name="CA_specialrules_Kiosk" time="53.097" classname="com.mobile.automation.scripts.CA_special_rules_Kiosk"/>
</testsuite> <!-- com.mobile.automation.scripts.CA_special_rules_Kiosk -->
