<?xml version="1.0" encoding="UTF-8"?>
<!-- Generated by org.testng.reporters.JUnitReportReporter -->
<testsuite hostname="ctlinlp-0977.cignitiglobal.com" name="com.mobile.automation.scripts.Create_an_Agreement_Without_Delivery_Fee_andExtendedWarranty" tests="1" failures="0" timestamp="3 Jan 2019 15:29:31 GMT" time="60.097" errors="0">
  <testcase name="Create_an_Agreement_Without_Delivery_Fee_and_Extended_Warranty" time="60.097" classname="com.mobile.automation.scripts.Create_an_Agreement_Without_Delivery_Fee_andExtendedWarranty"/>
</testsuite> <!-- com.mobile.automation.scripts.Create_an_Agreement_Without_Delivery_Fee_andExtendedWarranty -->
