<?xml version="1.0" encoding="UTF-8"?>
<!-- Generated by org.testng.reporters.JUnitReportReporter -->
<testsuite hostname="HW1686" name="com.mobile.automation.scripts.Kiosk_AddemailandSSN_verification_editbox" tests="1" failures="0" timestamp="8 Aug 2017 14:03:36 GMT" time="27.964" errors="0">
  <testcase name="Kiosk_Add_email_and_SSN_verification_editbox" time="27.964" classname="com.mobile.automation.scripts.Kiosk_AddemailandSSN_verification_editbox"/>
</testsuite> <!-- com.mobile.automation.scripts.Kiosk_AddemailandSSN_verification_editbox -->
