<?xml version="1.0" encoding="UTF-8"?>
<!-- Generated by org.testng.reporters.JUnitReportReporter -->
<testsuite hostname="ctlinlp-0977.cignitiglobal.com" name="com.mobile.automation.scripts.MD_SummaryofCost_SOC_agreement_kiosk" tests="1" failures="0" timestamp="3 Jan 2019 15:29:31 GMT" time="55.761" errors="0">
  <testcase name="MD_SummaryofCost_SOCagreement_kiosk" time="55.761" classname="com.mobile.automation.scripts.MD_SummaryofCost_SOC_agreement_kiosk"/>
</testsuite> <!-- com.mobile.automation.scripts.MD_SummaryofCost_SOC_agreement_kiosk -->
