<?xml version="1.0" encoding="UTF-8"?>
<!-- Generated by org.testng.reporters.JUnitReportReporter -->
<testsuite hostname="ctlinlp-0977.cignitiglobal.com" name="com.mobile.automation.scripts.Lat_LonginhearbeatKioskcall" tests="1" failures="0" timestamp="3 Jan 2019 15:29:30 GMT" time="55.190" errors="0">
  <testcase name="Lat_Longin_hearbeatKiosk_call" time="55.190" classname="com.mobile.automation.scripts.Lat_LonginhearbeatKioskcall"/>
</testsuite> <!-- com.mobile.automation.scripts.Lat_LonginhearbeatKioskcall -->
