<?xml version="1.0" encoding="UTF-8"?>
<!-- Generated by org.testng.reporters.JUnitReportReporter -->
<testsuite hostname="JDW10STD01262" failures="0" tests="2" name="com.mobile.automation.scripts.original.AndroidTestCases" time="1.274" errors="1" timestamp="4 Apr 2019 11:54:35 GMT">
  <testcase classname="com.mobile.automation.scripts.original.AndroidTestCases" name="sampleTestCase" time="0.214"/>
  <testcase classname="com.mobile.automation.scripts.original.AndroidTestCases" name="sampleTestCase" time="1.060">
    <error message="An unknown server-side error occurred while processing the command. Original error: Could not proxy command to remote server. Original error: Error: connect ECONNREFUSED 127.0.0.1:8202 (WARNING: The server did not provide any stacktrace information)
Command duration or timeout: 1.06 seconds
Build info: version: &#039;3.141.59&#039;, revision: &#039;e82be7d358&#039;, time: &#039;2018-11-14T08:17:03&#039;
System info: host: &#039;JDW10STD01262&#039;, ip: &#039;10.32.70.81&#039;, os.name: &#039;Windows 10&#039;, os.arch: &#039;amd64&#039;, os.version: &#039;10.0&#039;, java.version: &#039;11.0.2&#039;
Driver info: io.appium.java_client.android.AndroidDriver
Capabilities [{app=C:\Users\ravi.munigeri\Desktop\DemoApp.apk, appPackage=io.cloudgrey.the_app, deviceScreenSize=1440x2560, networkConnectionEnabled=true, statBarHeight=96, warnings={}, viewportRect={top=96, left=0, width=1440, height=2464}, databaseEnabled=false, deviceName=11160b85f87f1403, platform=LINUX, deviceUDID=11160b85f87f1403, desired={app=C:\Users\ravi.munigeri\Desktop\DemoApp.apk, platformVersion=7.0, automationName=UiAutomator2, platformName=Android, deviceName=11160b85f87f1403}, platformVersion=7.0, pixelRatio=4, webStorageEnabled=false, locationContextEnabled=false, automationName=UiAutomator2, takesScreenshot=true, javascriptEnabled=true, deviceScreenDensity=640, deviceModel=SM-G920F, platformName=Android, deviceApiLevel=24, deviceManufacturer=samsung}]
Session ID: 83dd4d77-d439-4868-9782-6b097a5a6d9c
*** Element info: {Using=accessibility id, value=Login Screen}" type="org.openqa.selenium.WebDriverException">
      <![CDATA[org.openqa.selenium.WebDriverException: An unknown server-side error occurred while processing the command. Original error: Could not proxy command to remote server. Original error: Error: connect ECONNREFUSED 127.0.0.1:8202 (WARNING: The server did not provide any stacktrace information)
Command duration or timeout: 1.06 seconds
Build info: version: '3.141.59', revision: 'e82be7d358', time: '2018-11-14T08:17:03'
System info: host: 'JDW10STD01262', ip: '10.32.70.81', os.name: 'Windows 10', os.arch: 'amd64', os.version: '10.0', java.version: '11.0.2'
Driver info: io.appium.java_client.android.AndroidDriver
Capabilities [{app=C:\Users\ravi.munigeri\Desktop\DemoApp.apk, appPackage=io.cloudgrey.the_app, deviceScreenSize=1440x2560, networkConnectionEnabled=true, statBarHeight=96, warnings={}, viewportRect={top=96, left=0, width=1440, height=2464}, databaseEnabled=false, deviceName=11160b85f87f1403, platform=LINUX, deviceUDID=11160b85f87f1403, desired={app=C:\Users\ravi.munigeri\Desktop\DemoApp.apk, platformVersion=7.0, automationName=UiAutomator2, platformName=Android, deviceName=11160b85f87f1403}, platformVersion=7.0, pixelRatio=4, webStorageEnabled=false, locationContextEnabled=false, automationName=UiAutomator2, takesScreenshot=true, javascriptEnabled=true, deviceScreenDensity=640, deviceModel=SM-G920F, platformName=Android, deviceApiLevel=24, deviceManufacturer=samsung}]
Session ID: 83dd4d77-d439-4868-9782-6b097a5a6d9c
*** Element info: {Using=accessibility id, value=Login Screen}
	at java.base/jdk.internal.reflect.NativeConstructorAccessorImpl.newInstance0(Native Method)
	at java.base/jdk.internal.reflect.NativeConstructorAccessorImpl.newInstance(NativeConstructorAccessorImpl.java:62)
	at java.base/jdk.internal.reflect.DelegatingConstructorAccessorImpl.newInstance(DelegatingConstructorAccessorImpl.java:45)
	at java.base/java.lang.reflect.Constructor.newInstance(Constructor.java:490)
	at org.openqa.selenium.remote.ErrorHandler.createThrowable(ErrorHandler.java:206)
	at org.openqa.selenium.remote.ErrorHandler.throwIfResponseFailed(ErrorHandler.java:158)
	at org.openqa.selenium.remote.RemoteWebDriver.execute(RemoteWebDriver.java:683)
	at io.appium.java_client.DefaultGenericMobileDriver.execute(DefaultGenericMobileDriver.java:42)
	at io.appium.java_client.AppiumDriver.execute(AppiumDriver.java:1)
	at io.appium.java_client.android.AndroidDriver.execute(AndroidDriver.java:1)
	at org.openqa.selenium.remote.RemoteWebDriver.findElement(RemoteWebDriver.java:377)
	at io.appium.java_client.DefaultGenericMobileDriver.findElement(DefaultGenericMobileDriver.java:62)
	at io.appium.java_client.AppiumDriver.findElement(AppiumDriver.java:1)
	at io.appium.java_client.android.AndroidDriver.findElement(AndroidDriver.java:1)
	at io.appium.java_client.FindsByAccessibilityId.findElementByAccessibilityId(FindsByAccessibilityId.java:37)
	at com.mobile.automation.scripts.original.AndroidTestCases.sampleTestCase(AndroidTestCases.java:61)
	at java.base/jdk.internal.reflect.NativeMethodAccessorImpl.invoke0(Native Method)
	at java.base/jdk.internal.reflect.NativeMethodAccessorImpl.invoke(NativeMethodAccessorImpl.java:62)
	at java.base/jdk.internal.reflect.DelegatingMethodAccessorImpl.invoke(DelegatingMethodAccessorImpl.java:43)
	at java.base/java.lang.reflect.Method.invoke(Method.java:566)
	at org.testng.internal.MethodInvocationHelper.invokeMethod(MethodInvocationHelper.java:86)
	at org.testng.internal.Invoker.invokeMethod(Invoker.java:643)
	at org.testng.internal.Invoker.invokeTestMethod(Invoker.java:820)
	at org.testng.internal.Invoker.invokeTestMethods(Invoker.java:1128)
	at org.testng.internal.TestMethodWorker.invokeTestMethods(TestMethodWorker.java:129)
	at org.testng.internal.TestMethodWorker.run(TestMethodWorker.java:112)
	at org.testng.TestRunner.privateRun(TestRunner.java:782)
	at org.testng.TestRunner.run(TestRunner.java:632)
	at org.testng.SuiteRunner.runTest(SuiteRunner.java:366)
	at org.testng.SuiteRunner.access$000(SuiteRunner.java:39)
	at org.testng.SuiteRunner$SuiteWorker.run(SuiteRunner.java:400)
	at org.testng.internal.thread.ThreadUtil$2.call(ThreadUtil.java:64)
	at java.base/java.util.concurrent.FutureTask.run(FutureTask.java:264)
	at java.base/java.util.concurrent.ThreadPoolExecutor.runWorker(ThreadPoolExecutor.java:1128)
	at java.base/java.util.concurrent.ThreadPoolExecutor$Worker.run(ThreadPoolExecutor.java:628)
	at java.base/java.lang.Thread.run(Thread.java:834)
]]>
    </error>
  </testcase> <!-- sampleTestCase -->
</testsuite> <!-- com.mobile.automation.scripts.original.AndroidTestCases -->
