<?xml version="1.0" encoding="UTF-8"?>
<!-- Generated by org.testng.reporters.JUnitReportReporter -->
<testsuite hostname="ctlinlp-0977.cignitiglobal.com" name="com.mobile.automation.scripts.MarketServer_AgreementwithDeliveryFee_PayUpfront_TestID_1554" tests="1" failures="0" timestamp="4 Jul 2018 09:17:03 GMT" time="1924.150" errors="0">
  <testcase name="MarketServer_Agreement_withDeliveryFee_PayUpfront_TestID_1554" time="1924.150" classname="com.mobile.automation.scripts.MarketServer_AgreementwithDeliveryFee_PayUpfront_TestID_1554"/>
</testsuite> <!-- com.mobile.automation.scripts.MarketServer_AgreementwithDeliveryFee_PayUpfront_TestID_1554 -->
