<?xml version="1.0" encoding="UTF-8"?>
<!-- Generated by org.testng.reporters.JUnitReportReporter -->
<testsuite hostname="ctlinlp-0977.cignitiglobal.com" name="com.mobile.automation.scripts.ME_No_EPOinQuoteHideDelivereFee_Kiosk" tests="1" failures="0" timestamp="3 Jan 2019 15:29:31 GMT" time="55.082" errors="0">
  <testcase name="ME_No_EPO_in_Quote_HideDelivereFee_Kiosk" time="55.082" classname="com.mobile.automation.scripts.ME_No_EPOinQuoteHideDelivereFee_Kiosk"/>
</testsuite> <!-- com.mobile.automation.scripts.ME_No_EPOinQuoteHideDelivereFee_Kiosk -->
