<?xml version="1.0" encoding="UTF-8"?>
<!-- Generated by org.testng.reporters.JUnitReportReporter -->
<testsuite hostname="ctlinlp-0977.cignitiglobal.com" name="com.mobile.automation.scripts.TakeaCardPayment_SkipAutPay_Schedule_Delivery_TestID177" tests="1" failures="0" timestamp="31 Jan 2019 09:27:49 GMT" time="1444.250" errors="0">
  <testcase name="Take_a_Card_Payment_SkipAutPay_Schedule_Delivery" time="1444.250" classname="com.mobile.automation.scripts.TakeaCardPayment_SkipAutPay_Schedule_Delivery_TestID177"/>
</testsuite> <!-- com.mobile.automation.scripts.TakeaCardPayment_SkipAutPay_Schedule_Delivery_TestID177 -->
