<?xml version="1.0" encoding="UTF-8"?>
<!-- Generated by org.testng.reporters.JUnitReportReporter -->
<testsuite hostname="ctlinlp-0977.cignitiglobal.com" name="com.mobile.automation.scripts.Validate_BP_decline_form_display_in_VA_state_store9042" tests="1" failures="0" timestamp="3 Jan 2019 15:29:31 GMT" time="67.116" errors="0">
  <testcase name="Validate_BP_decline_form_display_in_VA_state_store_9042" time="67.116" classname="com.mobile.automation.scripts.Validate_BP_decline_form_display_in_VA_state_store9042"/>
</testsuite> <!-- com.mobile.automation.scripts.Validate_BP_decline_form_display_in_VA_state_store9042 -->
