<?xml version="1.0" encoding="UTF-8"?>
<!-- Generated by org.testng.reporters.JUnitReportReporter -->
<testsuite hostname="ctlinlp-0977.cignitiglobal.com" name="com.mobile.automation.scripts.KioskReEngangenegtest_1102" tests="1" failures="0" timestamp="3 Jan 2019 15:29:31 GMT" time="55.125" errors="0">
  <testcase name="Kiosk_ReEngangenegtest_1102" time="55.125" classname="com.mobile.automation.scripts.KioskReEngangenegtest_1102"/>
</testsuite> <!-- com.mobile.automation.scripts.KioskReEngangenegtest_1102 -->
