<?xml version="1.0" encoding="UTF-8"?>
<!-- Generated by org.testng.reporters.JUnitReportReporter -->
<testsuite hostname="ctlinlp-0977.cignitiglobal.com" name="com.mobile.automation.scripts.CreateanOrder_Electronics_TestID_170" tests="1" failures="0" timestamp="12 Dec 2018 06:27:24 GMT" time="2916.766" errors="0">
  <testcase name="Validate_of_CreateanOrder_Electronics" time="2916.766" classname="com.mobile.automation.scripts.CreateanOrder_Electronics_TestID_170"/>
</testsuite> <!-- com.mobile.automation.scripts.CreateanOrder_Electronics_TestID_170 -->
