<?xml version="1.0" encoding="UTF-8"?>
<!-- Generated by org.testng.reporters.JUnitReportReporter -->
<testsuite hostname="ctlinlp-0977.cignitiglobal.com" name="com.mobile.automation.scripts.CreateOrder_AddItemLimit_Manned_Kiosk_TestID_1690" tests="1" failures="0" timestamp="23 Aug 2018 05:36:48 GMT" time="1751.427" errors="0">
  <testcase name="Verify_CreateOrder_AddItemLimit_Manned_Kiosk_TestID_1690" time="1751.427" classname="com.mobile.automation.scripts.CreateOrder_AddItemLimit_Manned_Kiosk_TestID_1690"/>
</testsuite> <!-- com.mobile.automation.scripts.CreateOrder_AddItemLimit_Manned_Kiosk_TestID_1690 -->
