<?xml version="1.0" encoding="UTF-8"?>
<!-- Generated by org.testng.reporters.JUnitReportReporter -->
<testsuite hostname="ctlinlp-0977.cignitiglobal.com" name="com.mobile.automation.scripts.MarketServer_AgreementwithoutDeliveryFeeorESV_TestID_1552" tests="1" failures="0" timestamp="22 Jun 2018 07:43:03 GMT" time="3344.688" errors="0">
  <testcase name="MarketServer_AgreementwithoutDeliveryFeeorESV_TestID_1552" time="3344.688" classname="com.mobile.automation.scripts.MarketServer_AgreementwithoutDeliveryFeeorESV_TestID_1552"/>
</testsuite> <!-- com.mobile.automation.scripts.MarketServer_AgreementwithoutDeliveryFeeorESV_TestID_1552 -->
