<?xml version="1.0" encoding="UTF-8"?>
<!-- Generated by org.testng.reporters.JUnitReportReporter -->
<testsuite hostname="ctlinlp-0977.cignitiglobal.com" name="com.mobile.automation.scripts.TesterApprovalinKiosk_CaseInsensitiveLastName" tests="1" failures="0" timestamp="3 Jan 2019 15:29:31 GMT" time="56.110" errors="0">
  <testcase name="Tester_ApprovalinKiosk_CaseInsensitiveLastName" time="56.110" classname="com.mobile.automation.scripts.TesterApprovalinKiosk_CaseInsensitiveLastName"/>
</testsuite> <!-- com.mobile.automation.scripts.TesterApprovalinKiosk_CaseInsensitiveLastName -->
