<?xml version="1.0" encoding="UTF-8"?>
<!-- Generated by org.testng.reporters.JUnitReportReporter -->
<testsuite hostname="ctlinlp-0977.cignitiglobal.com" name="com.mobile.automation.scripts.Manned_Store_Initial_payment_through_credit_card_Autopay_through_bank_account_TestID_1299" tests="1" failures="0" timestamp="12 Dec 2018 06:27:24 GMT" time="3735.808" errors="0">
  <testcase name="Manned_Store_Initial_payment_through_credit_card_Autopay_through_bank_account_Kiosk" time="3735.808" classname="com.mobile.automation.scripts.Manned_Store_Initial_payment_through_credit_card_Autopay_through_bank_account_TestID_1299"/>
</testsuite> <!-- com.mobile.automation.scripts.Manned_Store_Initial_payment_through_credit_card_Autopay_through_bank_account_TestID_1299 -->
