<?xml version="1.0" encoding="UTF-8"?>
<!-- Generated by org.testng.reporters.JUnitReportReporter -->
<testsuite hostname="ctlinlp-0977.cignitiglobal.com" name="com.mobile.automation.scripts.VT_No_EPO_in_Quote_Kiosk" tests="1" failures="0" timestamp="3 Jan 2019 15:29:31 GMT" time="59.265" errors="0">
  <testcase name="VT_NoEPO_in_Quote_Kiosk" time="59.265" classname="com.mobile.automation.scripts.VT_No_EPO_in_Quote_Kiosk"/>
</testsuite> <!-- com.mobile.automation.scripts.VT_No_EPO_in_Quote_Kiosk -->
