<?xml version="1.0" encoding="UTF-8"?>
<!-- Generated by org.testng.reporters.JUnitReportReporter -->
<testsuite hostname="ctlinlp-0977.cignitiglobal.com" name="com.mobile.automation.scripts.GetApprovedWithConfirmationCodeUnmannedStore_1320" tests="1" failures="0" timestamp="3 Jan 2019 15:29:31 GMT" time="63.755" errors="0">
  <testcase name="GetApproved_WithConfirmationCode_UnmannedStore_1320" time="63.755" classname="com.mobile.automation.scripts.GetApprovedWithConfirmationCodeUnmannedStore_1320"/>
</testsuite> <!-- com.mobile.automation.scripts.GetApprovedWithConfirmationCodeUnmannedStore_1320 -->
