<?xml version="1.0" encoding="UTF-8"?>
<!-- Generated by org.testng.reporters.JUnitReportReporter -->
<testsuite hostname="ctlinlp-0977.cignitiglobal.com" name="com.mobile.automation.scripts.CT_NoEPOinQuote_Kiosk" tests="1" failures="0" timestamp="30 Oct 2018 08:29:50 GMT" time="720.143" errors="0">
  <testcase name="CT_No_EPOinQuote_Kiosk" time="720.143" classname="com.mobile.automation.scripts.CT_NoEPOinQuote_Kiosk"/>
</testsuite> <!-- com.mobile.automation.scripts.CT_NoEPOinQuote_Kiosk -->
