<?xml version="1.0" encoding="UTF-8"?>
<!-- Generated by org.testng.reporters.JUnitReportReporter -->
<testsuite hostname="ctlinlp-0977.cignitiglobal.com" name="com.mobile.automation.scripts.MarketServer_AgreementwithDeliveryFee_PayMonthly_TestID_1555" tests="1" failures="0" timestamp="3 Jul 2018 11:20:48 GMT" time="3497.926" errors="0">
  <testcase name="MarketServer_Agreementwith_DeliveryFee_PayMonthly_TestID_1555" time="3497.926" classname="com.mobile.automation.scripts.MarketServer_AgreementwithDeliveryFee_PayMonthly_TestID_1555"/>
</testsuite> <!-- com.mobile.automation.scripts.MarketServer_AgreementwithDeliveryFee_PayMonthly_TestID_1555 -->
