<?xml version="1.0" encoding="UTF-8"?>
<!-- Generated by org.testng.reporters.JUnitReportReporter -->
<testsuite hostname="ctlinlp-0977.cignitiglobal.com" name="com.mobile.automation.scripts.original.Foxappiumweb" tests="1" failures="0" timestamp="14 Nov 2018 13:34:13 GMT" time="222.049" errors="0">
  <testcase name="DeclineBenefitsPlus_Kiosk" time="222.049" classname="com.mobile.automation.scripts.original.Foxappiumweb"/>
</testsuite> <!-- com.mobile.automation.scripts.original.Foxappiumweb -->
