<?xml version="1.0" encoding="UTF-8"?>
<!-- Generated by org.testng.reporters.JUnitReportReporter -->
<testsuite hostname="ctlinlp-0977.cignitiglobal.com" name="com.mobile.automation.scripts.Verify_Customer_Zip_Code_cannotbe_00000_TestID_1406" tests="1" failures="0" timestamp="12 Dec 2018 06:27:23 GMT" time="509.225" errors="0">
  <testcase name="Verify_CustomerZipCodecannotbe_00000_Kiosk" time="509.225" classname="com.mobile.automation.scripts.Verify_Customer_Zip_Code_cannotbe_00000_TestID_1406"/>
</testsuite> <!-- com.mobile.automation.scripts.Verify_Customer_Zip_Code_cannotbe_00000_TestID_1406 -->
