<?xml version="1.0" encoding="UTF-8"?>
<!-- Generated by org.testng.reporters.JUnitReportReporter -->
<testsuite hostname="ctlinlp-0977.cignitiglobal.com" name="com.mobile.automation.scripts.Generic_No_specialrestrictions_Kiosk" tests="1" failures="0" timestamp="3 Jan 2019 15:29:31 GMT" time="59.424" errors="0">
  <testcase name="Generic_No_special_restrictions_Kiosk" time="59.424" classname="com.mobile.automation.scripts.Generic_No_specialrestrictions_Kiosk"/>
</testsuite> <!-- com.mobile.automation.scripts.Generic_No_specialrestrictions_Kiosk -->
