<?xml version="1.0" encoding="UTF-8"?>
<!-- Generated by org.testng.reporters.JUnitReportReporter -->
<testsuite hostname="ctlinlp-0977.cignitiglobal.com" name="com.mobile.automation.scripts.IN_Hide_ESV_Allow_B_without_LDW" tests="1" failures="0" timestamp="3 Jan 2019 15:29:31 GMT" time="64.258" errors="0">
  <testcase name="IN_HideESV_Allow_B_without_LDW" time="64.258" classname="com.mobile.automation.scripts.IN_Hide_ESV_Allow_B_without_LDW"/>
</testsuite> <!-- com.mobile.automation.scripts.IN_Hide_ESV_Allow_B_without_LDW -->
