<?xml version="1.0" encoding="UTF-8"?>
<!-- Generated by org.testng.reporters.JUnitReportReporter -->
<testsuite hostname="ctlinlp-0977.cignitiglobal.com" name="com.mobile.automation.scripts.MarketServer_AgreementwithDeliveryFeeandESV_PayUpront_TestID_1568" tests="1" failures="0" timestamp="6 Jul 2018 06:45:14 GMT" time="3378.347" errors="0">
  <testcase name="MarketServer_Agreement_withDeliveryFeeandESV_PayUpront_TestID_1568" time="3378.347" classname="com.mobile.automation.scripts.MarketServer_AgreementwithDeliveryFeeandESV_PayUpront_TestID_1568"/>
</testsuite> <!-- com.mobile.automation.scripts.MarketServer_AgreementwithDeliveryFeeandESV_PayUpront_TestID_1568 -->
