<?xml version="1.0" encoding="UTF-8"?>
<!-- Generated by org.testng.reporters.JUnitReportReporter -->
<testsuite hostname="ctlinlp-0977.cignitiglobal.com" name="com.mobile.automation.scripts.Createanorder_Furniture_TestID_172" tests="1" failures="0" timestamp="17 Aug 2018 11:06:35 GMT" time="2191.220" errors="0">
  <testcase name="Validate_of_Mattress_WithoutBox_SpringMessageinAWP_Kiosk" time="2191.220" classname="com.mobile.automation.scripts.Createanorder_Furniture_TestID_172"/>
</testsuite> <!-- com.mobile.automation.scripts.Createanorder_Furniture_TestID_172 -->
