<?xml version="1.0" encoding="UTF-8"?>
<!-- Generated by org.testng.reporters.JUnitReportReporter -->
<testsuite hostname="ctlinlp-0977.cignitiglobal.com" name="com.mobile.automation.scripts.NY_Send_Agreements_beforesigning" tests="1" failures="0" timestamp="3 Jan 2019 15:29:30 GMT" time="58.793" errors="0">
  <testcase name="NY_Send_Agreements_before_signing" time="58.793" classname="com.mobile.automation.scripts.NY_Send_Agreements_beforesigning"/>
</testsuite> <!-- com.mobile.automation.scripts.NY_Send_Agreements_beforesigning -->
