<?xml version="1.0" encoding="UTF-8"?>
<!-- Generated by org.testng.reporters.JUnitReportReporter -->
<testsuite hostname="ctlinlp-0977.cignitiglobal.com" name="com.mobile.automation.scripts.GetApprovedflowWithoutConfirmationCode_MannedStore" tests="1" failures="0" timestamp="3 Jan 2019 15:29:31 GMT" time="949.866" errors="0">
  <testcase name="GetApproved_flowWithoutConfirmationCode_MannedStore" time="949.866" classname="com.mobile.automation.scripts.GetApprovedflowWithoutConfirmationCode_MannedStore"/>
</testsuite> <!-- com.mobile.automation.scripts.GetApprovedflowWithoutConfirmationCode_MannedStore -->
